{"E:\\Rares\\facultate\\anul 2\\sem 2\\mpp\\SportLink\\client\\src\\constants\\testConstants.ts": {"path":"E:\\Rares\\facultate\\anul 2\\sem 2\\mpp\\SportLink\\client\\src\\constants\\testConstants.ts","statementMap":{"0":{"start":{"line":1,"column":30},"end":{"line":1,"column":null}},"1":{"start":{"line":2,"column":31},"end":{"line":2,"column":null}},"2":{"start":{"line":3,"column":30},"end":{"line":3,"column":null}},"3":{"start":{"line":4,"column":29},"end":{"line":4,"column":null}},"4":{"start":{"line":5,"column":37},"end":{"line":5,"column":null}},"5":{"start":{"line":7,"column":36},"end":{"line":7,"column":null}},"6":{"start":{"line":8,"column":38},"end":{"line":8,"column":null}},"7":{"start":{"line":9,"column":41},"end":{"line":9,"column":null}},"8":{"start":{"line":11,"column":33},"end":{"line":11,"column":null}},"9":{"start":{"line":12,"column":31},"end":{"line":12,"column":null}},"10":{"start":{"line":13,"column":32},"end":{"line":13,"column":null}},"11":{"start":{"line":14,"column":34},"end":{"line":14,"column":null}},"12":{"start":{"line":16,"column":43},"end":{"line":16,"column":null}}},"fnMap":{},"branchMap":{},"s":{"0":1,"1":1,"2":1,"3":1,"4":1,"5":1,"6":1,"7":1,"8":1,"9":1,"10":1,"11":1,"12":1},"f":{},"b":{},"meta":{"lastBranch":0,"lastFunction":0,"lastStatement":13,"seen":{"s:1:30:1:Infinity":0,"s:2:31:2:Infinity":1,"s:3:30:3:Infinity":2,"s:4:29:4:Infinity":3,"s:5:37:5:Infinity":4,"s:7:36:7:Infinity":5,"s:8:38:8:Infinity":6,"s:9:41:9:Infinity":7,"s:11:33:11:Infinity":8,"s:12:31:12:Infinity":9,"s:13:32:13:Infinity":10,"s:14:34:14:Infinity":11,"s:16:43:16:Infinity":12}}}
,"E:\\Rares\\facultate\\anul 2\\sem 2\\mpp\\SportLink\\client\\src\\constants\\validationConstants.ts": {"path":"E:\\Rares\\facultate\\anul 2\\sem 2\\mpp\\SportLink\\client\\src\\constants\\validationConstants.ts","statementMap":{"0":{"start":{"line":1,"column":32},"end":{"line":1,"column":null}},"1":{"start":{"line":2,"column":31},"end":{"line":2,"column":null}},"2":{"start":{"line":3,"column":35},"end":{"line":3,"column":null}},"3":{"start":{"line":4,"column":38},"end":{"line":4,"column":null}},"4":{"start":{"line":5,"column":32},"end":{"line":5,"column":null}},"5":{"start":{"line":6,"column":37},"end":{"line":6,"column":null}}},"fnMap":{},"branchMap":{},"s":{"0":2,"1":2,"2":2,"3":2,"4":2,"5":2},"f":{},"b":{},"meta":{"lastBranch":0,"lastFunction":0,"lastStatement":6,"seen":{"s:1:32:1:Infinity":0,"s:2:31:2:Infinity":1,"s:3:35:3:Infinity":2,"s:4:38:4:Infinity":3,"s:5:32:5:Infinity":4,"s:6:37:6:Infinity":5}}}
,"E:\\Rares\\facultate\\anul 2\\sem 2\\mpp\\SportLink\\client\\src\\services\\eventService.ts": {"path":"E:\\Rares\\facultate\\anul 2\\sem 2\\mpp\\SportLink\\client\\src\\services\\eventService.ts","statementMap":{"0":{"start":{"line":7,"column":28},"end":{"line":100,"column":null}},"1":{"start":{"line":9,"column":4},"end":{"line":9,"column":null}},"2":{"start":{"line":13,"column":4},"end":{"line":13,"column":null}},"3":{"start":{"line":13,"column":34},"end":{"line":13,"column":50}},"4":{"start":{"line":17,"column":4},"end":{"line":18,"column":null}},"5":{"start":{"line":18,"column":6},"end":{"line":18,"column":null}},"6":{"start":{"line":21,"column":4},"end":{"line":22,"column":null}},"7":{"start":{"line":22,"column":6},"end":{"line":22,"column":null}},"8":{"start":{"line":25,"column":32},"end":{"line":29,"column":null}},"9":{"start":{"line":27,"column":60},"end":{"line":27,"column":65}},"10":{"start":{"line":31,"column":4},"end":{"line":31,"column":null}},"11":{"start":{"line":35,"column":26},"end":{"line":35,"column":65}},"12":{"start":{"line":35,"column":49},"end":{"line":35,"column":65}},"13":{"start":{"line":37,"column":4},"end":{"line":38,"column":null}},"14":{"start":{"line":38,"column":6},"end":{"line":38,"column":null}},"15":{"start":{"line":42,"column":6},"end":{"line":42,"column":null}},"16":{"start":{"line":44,"column":29},"end":{"line":44,"column":null}},"17":{"start":{"line":47,"column":6},"end":{"line":47,"column":null}},"18":{"start":{"line":49,"column":4},"end":{"line":50,"column":null}},"19":{"start":{"line":50,"column":6},"end":{"line":50,"column":null}},"20":{"start":{"line":53,"column":4},"end":{"line":56,"column":null}},"21":{"start":{"line":54,"column":6},"end":{"line":56,"column":null}},"22":{"start":{"line":59,"column":4},"end":{"line":60,"column":null}},"23":{"start":{"line":60,"column":6},"end":{"line":60,"column":null}},"24":{"start":{"line":63,"column":4},"end":{"line":72,"column":null}},"25":{"start":{"line":64,"column":6},"end":{"line":71,"column":null}},"26":{"start":{"line":76,"column":4},"end":{"line":76,"column":null}},"27":{"start":{"line":76,"column":36},"end":{"line":76,"column":52}},"28":{"start":{"line":80,"column":4},"end":{"line":98,"column":null}},"29":{"start":{"line":81,"column":6},"end":{"line":81,"column":null}},"30":{"start":{"line":81,"column":27},"end":{"line":81,"column":null}},"31":{"start":{"line":83,"column":23},"end":{"line":83,"column":60}},"32":{"start":{"line":85,"column":6},"end":{"line":86,"column":null}},"33":{"start":{"line":86,"column":8},"end":{"line":86,"column":null}},"34":{"start":{"line":89,"column":34},"end":{"line":91,"column":43}},"35":{"start":{"line":90,"column":53},"end":{"line":90,"column":78}},"36":{"start":{"line":93,"column":6},"end":{"line":97,"column":null}}},"fnMap":{"0":{"name":"(anonymous_0)","decl":{"start":{"line":8,"column":2},"end":{"line":8,"column":9}},"loc":{"start":{"line":8,"column":30},"end":{"line":9,"column":null}},"line":8},"1":{"name":"(anonymous_1)","decl":{"start":{"line":12,"column":2},"end":{"line":12,"column":10}},"loc":{"start":{"line":12,"column":43},"end":{"line":13,"column":null}},"line":12},"2":{"name":"(anonymous_2)","decl":{"start":{"line":13,"column":18},"end":{"line":13,"column":24}},"loc":{"start":{"line":13,"column":34},"end":{"line":13,"column":50}},"line":13},"3":{"name":"(anonymous_3)","decl":{"start":{"line":16,"column":2},"end":{"line":16,"column":6}},"loc":{"start":{"line":16,"column":51},"end":{"line":31,"column":null}},"line":16},"4":{"name":"(anonymous_4)","decl":{"start":{"line":27,"column":49},"end":{"line":27,"column":54}},"loc":{"start":{"line":27,"column":60},"end":{"line":27,"column":65}},"line":27},"5":{"name":"(anonymous_5)","decl":{"start":{"line":34,"column":2},"end":{"line":34,"column":9}},"loc":{"start":{"line":34,"column":77},"end":{"line":72,"column":null}},"line":34},"6":{"name":"(anonymous_6)","decl":{"start":{"line":35,"column":33},"end":{"line":35,"column":39}},"loc":{"start":{"line":35,"column":49},"end":{"line":35,"column":65}},"line":35},"7":{"name":"(anonymous_7)","decl":{"start":{"line":63,"column":18},"end":{"line":63,"column":23}},"loc":{"start":{"line":64,"column":6},"end":{"line":71,"column":null}},"line":64},"8":{"name":"(anonymous_8)","decl":{"start":{"line":75,"column":2},"end":{"line":75,"column":9}},"loc":{"start":{"line":75,"column":42},"end":{"line":76,"column":null}},"line":75},"9":{"name":"(anonymous_9)","decl":{"start":{"line":76,"column":18},"end":{"line":76,"column":26}},"loc":{"start":{"line":76,"column":36},"end":{"line":76,"column":52}},"line":76},"10":{"name":"(anonymous_10)","decl":{"start":{"line":79,"column":2},"end":{"line":79,"column":22}},"loc":{"start":{"line":79,"column":73},"end":{"line":98,"column":null}},"line":79},"11":{"name":"(anonymous_11)","decl":{"start":{"line":80,"column":18},"end":{"line":80,"column":23}},"loc":{"start":{"line":80,"column":33},"end":{"line":98,"column":null}},"line":80},"12":{"name":"(anonymous_12)","decl":{"start":{"line":90,"column":29},"end":{"line":90,"column":37}},"loc":{"start":{"line":90,"column":53},"end":{"line":90,"column":78}},"line":90}},"branchMap":{"0":{"loc":{"start":{"line":13,"column":11},"end":{"line":13,"column":null}},"type":"binary-expr","locations":[{"start":{"line":13,"column":11},"end":{"line":13,"column":50}},{"start":{"line":13,"column":54},"end":{"line":13,"column":null}}],"line":13},"1":{"loc":{"start":{"line":17,"column":4},"end":{"line":18,"column":null}},"type":"if","locations":[{"start":{"line":17,"column":4},"end":{"line":18,"column":null}},{"start":{},"end":{}}],"line":17},"2":{"loc":{"start":{"line":21,"column":4},"end":{"line":22,"column":null}},"type":"if","locations":[{"start":{"line":21,"column":4},"end":{"line":22,"column":null}},{"start":{},"end":{}}],"line":21},"3":{"loc":{"start":{"line":27,"column":10},"end":{"line":27,"column":null}},"type":"cond-expr","locations":[{"start":{"line":27,"column":30},"end":{"line":27,"column":73}},{"start":{"line":27,"column":73},"end":{"line":27,"column":null}}],"line":27},"4":{"loc":{"start":{"line":37,"column":4},"end":{"line":38,"column":null}},"type":"if","locations":[{"start":{"line":37,"column":4},"end":{"line":38,"column":null}},{"start":{},"end":{}}],"line":37},"5":{"loc":{"start":{"line":42,"column":6},"end":{"line":42,"column":null}},"type":"binary-expr","locations":[{"start":{"line":42,"column":6},"end":{"line":42,"column":39}},{"start":{"line":42,"column":39},"end":{"line":42,"column":null}}],"line":42},"6":{"loc":{"start":{"line":44,"column":29},"end":{"line":44,"column":null}},"type":"binary-expr","locations":[{"start":{"line":44,"column":29},"end":{"line":44,"column":59}},{"start":{"line":44,"column":59},"end":{"line":44,"column":null}}],"line":44},"7":{"loc":{"start":{"line":47,"column":6},"end":{"line":47,"column":null}},"type":"binary-expr","locations":[{"start":{"line":47,"column":6},"end":{"line":47,"column":43}},{"start":{"line":47,"column":43},"end":{"line":47,"column":null}}],"line":47},"8":{"loc":{"start":{"line":49,"column":4},"end":{"line":50,"column":null}},"type":"if","locations":[{"start":{"line":49,"column":4},"end":{"line":50,"column":null}},{"start":{},"end":{}}],"line":49},"9":{"loc":{"start":{"line":53,"column":4},"end":{"line":56,"column":null}},"type":"if","locations":[{"start":{"line":53,"column":4},"end":{"line":56,"column":null}},{"start":{},"end":{}}],"line":53},"10":{"loc":{"start":{"line":59,"column":4},"end":{"line":60,"column":null}},"type":"if","locations":[{"start":{"line":59,"column":4},"end":{"line":60,"column":null}},{"start":{},"end":{}}],"line":59},"11":{"loc":{"start":{"line":64,"column":6},"end":{"line":71,"column":null}},"type":"cond-expr","locations":[{"start":{"line":65,"column":10},"end":{"line":70,"column":null}},{"start":{"line":71,"column":10},"end":{"line":71,"column":null}}],"line":64},"12":{"loc":{"start":{"line":81,"column":6},"end":{"line":81,"column":null}},"type":"if","locations":[{"start":{"line":81,"column":6},"end":{"line":81,"column":null}},{"start":{},"end":{}}],"line":81},"13":{"loc":{"start":{"line":85,"column":6},"end":{"line":86,"column":null}},"type":"if","locations":[{"start":{"line":85,"column":6},"end":{"line":86,"column":null}},{"start":{},"end":{}}],"line":85},"14":{"loc":{"start":{"line":85,"column":10},"end":{"line":85,"column":75}},"type":"binary-expr","locations":[{"start":{"line":85,"column":10},"end":{"line":85,"column":23}},{"start":{"line":85,"column":23},"end":{"line":85,"column":75}}],"line":85},"15":{"loc":{"start":{"line":89,"column":34},"end":{"line":91,"column":43}},"type":"cond-expr","locations":[{"start":{"line":90,"column":10},"end":{"line":90,"column":78}},{"start":{"line":91,"column":10},"end":{"line":91,"column":43}}],"line":89}},"s":{"0":1,"1":1,"2":2,"3":3,"4":4,"5":1,"6":3,"7":1,"8":2,"9":4,"10":4,"11":6,"12":7,"13":6,"14":1,"15":5,"16":6,"17":6,"18":6,"19":1,"20":4,"21":1,"22":3,"23":1,"24":2,"25":4,"26":2,"27":4,"28":4,"29":7,"30":3,"31":4,"32":4,"33":1,"34":3,"35":2,"36":7},"f":{"0":1,"1":2,"2":3,"3":4,"4":4,"5":6,"6":7,"7":4,"8":2,"9":4,"10":4,"11":7,"12":2},"b":{"0":[2,1],"1":[1,3],"2":[1,2],"3":[2,0],"4":[1,5],"5":[5,3],"6":[6,4],"7":[6,3],"8":[1,5],"9":[1,3],"10":[1,2],"11":[2,2],"12":[3,4],"13":[1,3],"14":[4,3],"15":[1,2]},"meta":{"lastBranch":16,"lastFunction":13,"lastStatement":37,"seen":{"s:7:28:100:Infinity":0,"f:8:2:8:9":0,"s:9:4:9:Infinity":1,"f:12:2:12:10":1,"s:13:4:13:Infinity":2,"b:13:11:13:50:13:54:13:Infinity":0,"f:13:18:13:24":2,"s:13:34:13:50":3,"f:16:2:16:6":3,"b:17:4:18:Infinity:undefined:undefined:undefined:undefined":1,"s:17:4:18:Infinity":4,"s:18:6:18:Infinity":5,"b:21:4:22:Infinity:undefined:undefined:undefined:undefined":2,"s:21:4:22:Infinity":6,"s:22:6:22:Infinity":7,"s:25:32:29:Infinity":8,"b:27:30:27:73:27:73:27:Infinity":3,"f:27:49:27:54":4,"s:27:60:27:65":9,"s:31:4:31:Infinity":10,"f:34:2:34:9":5,"s:35:26:35:65":11,"f:35:33:35:39":6,"s:35:49:35:65":12,"b:37:4:38:Infinity:undefined:undefined:undefined:undefined":4,"s:37:4:38:Infinity":13,"s:38:6:38:Infinity":14,"s:42:6:42:Infinity":15,"b:42:6:42:39:42:39:42:Infinity":5,"s:44:29:44:Infinity":16,"b:44:29:44:59:44:59:44:Infinity":6,"s:47:6:47:Infinity":17,"b:47:6:47:43:47:43:47:Infinity":7,"b:49:4:50:Infinity:undefined:undefined:undefined:undefined":8,"s:49:4:50:Infinity":18,"s:50:6:50:Infinity":19,"b:53:4:56:Infinity:undefined:undefined:undefined:undefined":9,"s:53:4:56:Infinity":20,"s:54:6:56:Infinity":21,"b:59:4:60:Infinity:undefined:undefined:undefined:undefined":10,"s:59:4:60:Infinity":22,"s:60:6:60:Infinity":23,"s:63:4:72:Infinity":24,"f:63:18:63:23":7,"s:64:6:71:Infinity":25,"b:65:10:70:Infinity:71:10:71:Infinity":11,"f:75:2:75:9":8,"s:76:4:76:Infinity":26,"f:76:18:76:26":9,"s:76:36:76:52":27,"f:79:2:79:22":10,"s:80:4:98:Infinity":28,"f:80:18:80:23":11,"b:81:6:81:Infinity:undefined:undefined:undefined:undefined":12,"s:81:6:81:Infinity":29,"s:81:27:81:Infinity":30,"s:83:23:83:60":31,"b:85:6:86:Infinity:undefined:undefined:undefined:undefined":13,"s:85:6:86:Infinity":32,"b:85:10:85:23:85:23:85:75":14,"s:86:8:86:Infinity":33,"s:89:34:91:43":34,"b:90:10:90:78:91:10:91:43":15,"f:90:29:90:37":12,"s:90:53:90:78":35,"s:93:6:97:Infinity":36}}}
,"E:\\Rares\\facultate\\anul 2\\sem 2\\mpp\\SportLink\\client\\src\\validation\\eventValidation.ts": {"path":"E:\\Rares\\facultate\\anul 2\\sem 2\\mpp\\SportLink\\client\\src\\validation\\eventValidation.ts","statementMap":{"0":{"start":{"line":26,"column":34},"end":{"line":26,"column":36}},"1":{"start":{"line":28,"column":16},"end":{"line":28,"column":35}},"2":{"start":{"line":29,"column":16},"end":{"line":29,"column":35}},"3":{"start":{"line":30,"column":15},"end":{"line":30,"column":33}},"4":{"start":{"line":31,"column":15},"end":{"line":31,"column":33}},"5":{"start":{"line":32,"column":20},"end":{"line":32,"column":43}},"6":{"start":{"line":33,"column":19},"end":{"line":33,"column":41}},"7":{"start":{"line":34,"column":19},"end":{"line":34,"column":41}},"8":{"start":{"line":35,"column":26},"end":{"line":35,"column":55}},"9":{"start":{"line":36,"column":22},"end":{"line":36,"column":47}},"10":{"start":{"line":38,"column":2},"end":{"line":41,"column":null}},"11":{"start":{"line":39,"column":4},"end":{"line":39,"column":null}},"12":{"start":{"line":40,"column":13},"end":{"line":41,"column":null}},"13":{"start":{"line":41,"column":4},"end":{"line":41,"column":null}},"14":{"start":{"line":44,"column":2},"end":{"line":45,"column":null}},"15":{"start":{"line":45,"column":4},"end":{"line":45,"column":null}},"16":{"start":{"line":48,"column":2},"end":{"line":51,"column":null}},"17":{"start":{"line":49,"column":4},"end":{"line":49,"column":null}},"18":{"start":{"line":50,"column":13},"end":{"line":51,"column":null}},"19":{"start":{"line":51,"column":4},"end":{"line":51,"column":null}},"20":{"start":{"line":54,"column":2},"end":{"line":57,"column":null}},"21":{"start":{"line":55,"column":4},"end":{"line":55,"column":null}},"22":{"start":{"line":56,"column":13},"end":{"line":57,"column":null}},"23":{"start":{"line":57,"column":4},"end":{"line":57,"column":null}},"24":{"start":{"line":60,"column":2},"end":{"line":61,"column":null}},"25":{"start":{"line":61,"column":4},"end":{"line":61,"column":null}},"26":{"start":{"line":64,"column":2},"end":{"line":67,"column":null}},"27":{"start":{"line":65,"column":4},"end":{"line":65,"column":null}},"28":{"start":{"line":66,"column":13},"end":{"line":67,"column":null}},"29":{"start":{"line":67,"column":4},"end":{"line":67,"column":null}},"30":{"start":{"line":70,"column":2},"end":{"line":73,"column":null}},"31":{"start":{"line":71,"column":4},"end":{"line":71,"column":null}},"32":{"start":{"line":72,"column":13},"end":{"line":73,"column":null}},"33":{"start":{"line":73,"column":4},"end":{"line":73,"column":null}},"34":{"start":{"line":76,"column":2},"end":{"line":90,"column":null}},"35":{"start":{"line":77,"column":4},"end":{"line":77,"column":null}},"36":{"start":{"line":79,"column":19},"end":{"line":79,"column":42}},"37":{"start":{"line":81,"column":4},"end":{"line":90,"column":null}},"38":{"start":{"line":82,"column":6},"end":{"line":82,"column":null}},"39":{"start":{"line":83,"column":15},"end":{"line":90,"column":null}},"40":{"start":{"line":84,"column":6},"end":{"line":84,"column":null}},"41":{"start":{"line":86,"column":6},"end":{"line":90,"column":null}},"42":{"start":{"line":89,"column":6},"end":{"line":90,"column":null}},"43":{"start":{"line":94,"column":2},"end":{"line":97,"column":null}},"44":{"start":{"line":95,"column":4},"end":{"line":95,"column":null}},"45":{"start":{"line":96,"column":13},"end":{"line":97,"column":null}},"46":{"start":{"line":97,"column":4},"end":{"line":97,"column":null}},"47":{"start":{"line":100,"column":2},"end":{"line":100,"column":null}},"48":{"start":{"line":104,"column":2},"end":{"line":104,"column":null}},"49":{"start":{"line":108,"column":18},"end":{"line":108,"column":30}},"50":{"start":{"line":110,"column":2},"end":{"line":111,"column":null}},"51":{"start":{"line":111,"column":4},"end":{"line":111,"column":null}},"52":{"start":{"line":114,"column":23},"end":{"line":114,"column":38}},"53":{"start":{"line":116,"column":2},"end":{"line":117,"column":null}},"54":{"start":{"line":117,"column":4},"end":{"line":117,"column":null}},"55":{"start":{"line":120,"column":2},"end":{"line":120,"column":null}}},"fnMap":{"0":{"name":"validateEventForm","decl":{"start":{"line":25,"column":16},"end":{"line":25,"column":34}},"loc":{"start":{"line":25,"column":76},"end":{"line":100,"column":null}},"line":25},"1":{"name":"hasValidationErrors","decl":{"start":{"line":103,"column":16},"end":{"line":103,"column":36}},"loc":{"start":{"line":103,"column":80},"end":{"line":104,"column":null}},"line":103},"2":{"name":"isValidDuration","decl":{"start":{"line":107,"column":9},"end":{"line":107,"column":25}},"loc":{"start":{"line":107,"column":49},"end":{"line":120,"column":null}},"line":107}},"branchMap":{"0":{"loc":{"start":{"line":38,"column":2},"end":{"line":41,"column":null}},"type":"if","locations":[{"start":{"line":38,"column":2},"end":{"line":41,"column":null}},{"start":{"line":40,"column":13},"end":{"line":41,"column":null}}],"line":38},"1":{"loc":{"start":{"line":40,"column":13},"end":{"line":41,"column":null}},"type":"if","locations":[{"start":{"line":40,"column":13},"end":{"line":41,"column":null}},{"start":{},"end":{}}],"line":40},"2":{"loc":{"start":{"line":44,"column":2},"end":{"line":45,"column":null}},"type":"if","locations":[{"start":{"line":44,"column":2},"end":{"line":45,"column":null}},{"start":{},"end":{}}],"line":44},"3":{"loc":{"start":{"line":48,"column":2},"end":{"line":51,"column":null}},"type":"if","locations":[{"start":{"line":48,"column":2},"end":{"line":51,"column":null}},{"start":{"line":50,"column":13},"end":{"line":51,"column":null}}],"line":48},"4":{"loc":{"start":{"line":50,"column":13},"end":{"line":51,"column":null}},"type":"if","locations":[{"start":{"line":50,"column":13},"end":{"line":51,"column":null}},{"start":{},"end":{}}],"line":50},"5":{"loc":{"start":{"line":54,"column":2},"end":{"line":57,"column":null}},"type":"if","locations":[{"start":{"line":54,"column":2},"end":{"line":57,"column":null}},{"start":{"line":56,"column":13},"end":{"line":57,"column":null}}],"line":54},"6":{"loc":{"start":{"line":56,"column":13},"end":{"line":57,"column":null}},"type":"if","locations":[{"start":{"line":56,"column":13},"end":{"line":57,"column":null}},{"start":{},"end":{}}],"line":56},"7":{"loc":{"start":{"line":60,"column":2},"end":{"line":61,"column":null}},"type":"if","locations":[{"start":{"line":60,"column":2},"end":{"line":61,"column":null}},{"start":{},"end":{}}],"line":60},"8":{"loc":{"start":{"line":64,"column":2},"end":{"line":67,"column":null}},"type":"if","locations":[{"start":{"line":64,"column":2},"end":{"line":67,"column":null}},{"start":{"line":66,"column":13},"end":{"line":67,"column":null}}],"line":64},"9":{"loc":{"start":{"line":66,"column":13},"end":{"line":67,"column":null}},"type":"if","locations":[{"start":{"line":66,"column":13},"end":{"line":67,"column":null}},{"start":{},"end":{}}],"line":66},"10":{"loc":{"start":{"line":70,"column":2},"end":{"line":73,"column":null}},"type":"if","locations":[{"start":{"line":70,"column":2},"end":{"line":73,"column":null}},{"start":{"line":72,"column":13},"end":{"line":73,"column":null}}],"line":70},"11":{"loc":{"start":{"line":72,"column":13},"end":{"line":73,"column":null}},"type":"if","locations":[{"start":{"line":72,"column":13},"end":{"line":73,"column":null}},{"start":{},"end":{}}],"line":72},"12":{"loc":{"start":{"line":76,"column":2},"end":{"line":90,"column":null}},"type":"if","locations":[{"start":{"line":76,"column":2},"end":{"line":90,"column":null}},{"start":{"line":78,"column":9},"end":{"line":90,"column":null}}],"line":76},"13":{"loc":{"start":{"line":81,"column":4},"end":{"line":90,"column":null}},"type":"if","locations":[{"start":{"line":81,"column":4},"end":{"line":90,"column":null}},{"start":{"line":83,"column":15},"end":{"line":90,"column":null}}],"line":81},"14":{"loc":{"start":{"line":83,"column":15},"end":{"line":90,"column":null}},"type":"if","locations":[{"start":{"line":83,"column":15},"end":{"line":90,"column":null}},{"start":{"line":86,"column":6},"end":{"line":90,"column":null}}],"line":83},"15":{"loc":{"start":{"line":86,"column":6},"end":{"line":90,"column":null}},"type":"if","locations":[{"start":{"line":86,"column":6},"end":{"line":90,"column":null}},{"start":{},"end":{}}],"line":86},"16":{"loc":{"start":{"line":86,"column":6},"end":{"line":87,"column":null}},"type":"binary-expr","locations":[{"start":{"line":86,"column":6},"end":{"line":86,"column":null}},{"start":{"line":87,"column":6},"end":{"line":87,"column":null}}],"line":86},"17":{"loc":{"start":{"line":94,"column":2},"end":{"line":97,"column":null}},"type":"if","locations":[{"start":{"line":94,"column":2},"end":{"line":97,"column":null}},{"start":{"line":96,"column":13},"end":{"line":97,"column":null}}],"line":94},"18":{"loc":{"start":{"line":96,"column":13},"end":{"line":97,"column":null}},"type":"if","locations":[{"start":{"line":96,"column":13},"end":{"line":97,"column":null}},{"start":{},"end":{}}],"line":96},"19":{"loc":{"start":{"line":110,"column":2},"end":{"line":111,"column":null}},"type":"if","locations":[{"start":{"line":110,"column":2},"end":{"line":111,"column":null}},{"start":{},"end":{}}],"line":110},"20":{"loc":{"start":{"line":116,"column":2},"end":{"line":117,"column":null}},"type":"if","locations":[{"start":{"line":116,"column":2},"end":{"line":117,"column":null}},{"start":{},"end":{}}],"line":116}},"s":{"0":12,"1":12,"2":12,"3":12,"4":12,"5":12,"6":12,"7":12,"8":12,"9":12,"10":12,"11":1,"12":11,"13":1,"14":12,"15":1,"16":12,"17":1,"18":11,"19":1,"20":12,"21":1,"22":11,"23":1,"24":12,"25":1,"26":12,"27":1,"28":11,"29":1,"30":12,"31":1,"32":11,"33":1,"34":12,"35":1,"36":11,"37":11,"38":1,"39":10,"40":1,"41":9,"42":1,"43":12,"44":1,"45":11,"46":1,"47":12,"48":2,"49":11,"50":11,"51":0,"52":11,"53":11,"54":1,"55":10},"f":{"0":12,"1":2,"2":11},"b":{"0":[1,11],"1":[1,10],"2":[1,11],"3":[1,11],"4":[1,10],"5":[1,11],"6":[1,10],"7":[1,11],"8":[1,11],"9":[1,10],"10":[1,11],"11":[1,10],"12":[1,11],"13":[1,10],"14":[1,9],"15":[1,8],"16":[9,1],"17":[1,11],"18":[1,10],"19":[0,11],"20":[1,10]},"meta":{"lastBranch":21,"lastFunction":3,"lastStatement":56,"seen":{"f:25:16:25:34":0,"s:26:34:26:36":0,"s:28:16:28:35":1,"s:29:16:29:35":2,"s:30:15:30:33":3,"s:31:15:31:33":4,"s:32:20:32:43":5,"s:33:19:33:41":6,"s:34:19:34:41":7,"s:35:26:35:55":8,"s:36:22:36:47":9,"b:38:2:41:Infinity:40:13:41:Infinity":0,"s:38:2:41:Infinity":10,"s:39:4:39:Infinity":11,"b:40:13:41:Infinity:undefined:undefined:undefined:undefined":1,"s:40:13:41:Infinity":12,"s:41:4:41:Infinity":13,"b:44:2:45:Infinity:undefined:undefined:undefined:undefined":2,"s:44:2:45:Infinity":14,"s:45:4:45:Infinity":15,"b:48:2:51:Infinity:50:13:51:Infinity":3,"s:48:2:51:Infinity":16,"s:49:4:49:Infinity":17,"b:50:13:51:Infinity:undefined:undefined:undefined:undefined":4,"s:50:13:51:Infinity":18,"s:51:4:51:Infinity":19,"b:54:2:57:Infinity:56:13:57:Infinity":5,"s:54:2:57:Infinity":20,"s:55:4:55:Infinity":21,"b:56:13:57:Infinity:undefined:undefined:undefined:undefined":6,"s:56:13:57:Infinity":22,"s:57:4:57:Infinity":23,"b:60:2:61:Infinity:undefined:undefined:undefined:undefined":7,"s:60:2:61:Infinity":24,"s:61:4:61:Infinity":25,"b:64:2:67:Infinity:66:13:67:Infinity":8,"s:64:2:67:Infinity":26,"s:65:4:65:Infinity":27,"b:66:13:67:Infinity:undefined:undefined:undefined:undefined":9,"s:66:13:67:Infinity":28,"s:67:4:67:Infinity":29,"b:70:2:73:Infinity:72:13:73:Infinity":10,"s:70:2:73:Infinity":30,"s:71:4:71:Infinity":31,"b:72:13:73:Infinity:undefined:undefined:undefined:undefined":11,"s:72:13:73:Infinity":32,"s:73:4:73:Infinity":33,"b:76:2:90:Infinity:78:9:90:Infinity":12,"s:76:2:90:Infinity":34,"s:77:4:77:Infinity":35,"s:79:19:79:42":36,"b:81:4:90:Infinity:83:15:90:Infinity":13,"s:81:4:90:Infinity":37,"s:82:6:82:Infinity":38,"b:83:15:90:Infinity:86:6:90:Infinity":14,"s:83:15:90:Infinity":39,"s:84:6:84:Infinity":40,"b:86:6:90:Infinity:undefined:undefined:undefined:undefined":15,"s:86:6:90:Infinity":41,"b:86:6:86:Infinity:87:6:87:Infinity":16,"s:89:6:90:Infinity":42,"b:94:2:97:Infinity:96:13:97:Infinity":17,"s:94:2:97:Infinity":43,"s:95:4:95:Infinity":44,"b:96:13:97:Infinity:undefined:undefined:undefined:undefined":18,"s:96:13:97:Infinity":45,"s:97:4:97:Infinity":46,"s:100:2:100:Infinity":47,"f:103:16:103:36":1,"s:104:2:104:Infinity":48,"f:107:9:107:25":2,"s:108:18:108:30":49,"b:110:2:111:Infinity:undefined:undefined:undefined:undefined":19,"s:110:2:111:Infinity":50,"s:111:4:111:Infinity":51,"s:114:23:114:38":52,"b:116:2:117:Infinity:undefined:undefined:undefined:undefined":20,"s:116:2:117:Infinity":53,"s:117:4:117:Infinity":54,"s:120:2:120:Infinity":55}}}
}
